app/build/intermediates/manifest_merge_blame_file/debug/processDebugMainManifest/manifest-merger-blame-debug-report.txt
1<?xml version="1.0" encoding="utf-8"?>
2<manifest xmlns:android="http://schemas.android.com/apk/res/android"
3    package="com.cyboglabs.diskey.debug"
4    android:versionCode="1"
5    android:versionName="1.0.0" >
6
7    <uses-sdk
8        android:minSdkVersion="26"
9        android:targetSdkVersion="35" />
10
11    <!-- Bluetooth permissions -->
12    <uses-permission
12-->src/main/AndroidManifest.xml:6:5-95
13        android:name="android.permission.BLUETOOTH"
13-->src/main/AndroidManifest.xml:6:22-65
14        android:maxSdkVersion="30" />
14-->src/main/AndroidManifest.xml:6:66-92
15    <uses-permission
15-->src/main/AndroidManifest.xml:7:5-101
16        android:name="android.permission.BLUETOOTH_ADMIN"
16-->src/main/AndroidManifest.xml:7:22-71
17        android:maxSdkVersion="30" />
17-->src/main/AndroidManifest.xml:7:72-98
18    <!-- Android 12+ BLE permissions -->
19    <uses-permission
19-->src/main/AndroidManifest.xml:9:5-11:31
20        android:name="android.permission.BLUETOOTH_SCAN"
20-->src/main/AndroidManifest.xml:9:22-70
21        android:usesPermissionFlags="neverForLocation" />
21-->src/main/AndroidManifest.xml:10:9-55
22    <uses-permission android:name="android.permission.BLUETOOTH_CONNECT" />
22-->src/main/AndroidManifest.xml:12:5-96
22-->src/main/AndroidManifest.xml:12:22-73
23    <uses-permission android:name="android.permission.BLUETOOTH_ADVERTISE" />
23-->src/main/AndroidManifest.xml:13:5-98
23-->src/main/AndroidManifest.xml:13:22-75
24
25    <!-- Location (required for BLE scanning on Android < 12) -->
26    <uses-permission
26-->src/main/AndroidManifest.xml:16:5-106
27        android:name="android.permission.ACCESS_FINE_LOCATION"
27-->src/main/AndroidManifest.xml:16:22-76
28        android:maxSdkVersion="30" />
28-->src/main/AndroidManifest.xml:16:77-103
29    <uses-permission
29-->src/main/AndroidManifest.xml:17:5-108
30        android:name="android.permission.ACCESS_COARSE_LOCATION"
30-->src/main/AndroidManifest.xml:17:22-78
31        android:maxSdkVersion="30" />
31-->src/main/AndroidManifest.xml:17:79-105
32
33    <!-- WiFi -->
34    <uses-permission android:name="android.permission.ACCESS_WIFI_STATE" />
34-->src/main/AndroidManifest.xml:20:5-76
34-->src/main/AndroidManifest.xml:20:22-73
35    <uses-permission android:name="android.permission.CHANGE_WIFI_STATE" />
35-->src/main/AndroidManifest.xml:21:5-76
35-->src/main/AndroidManifest.xml:21:22-73
36    <uses-permission android:name="android.permission.CHANGE_NETWORK_STATE" />
36-->src/main/AndroidManifest.xml:22:5-79
36-->src/main/AndroidManifest.xml:22:22-76
37    <uses-permission android:name="android.permission.ACCESS_NETWORK_STATE" />
37-->src/main/AndroidManifest.xml:23:5-79
37-->src/main/AndroidManifest.xml:23:22-76
38    <uses-permission android:name="android.permission.INTERNET" />
38-->src/main/AndroidManifest.xml:24:5-67
38-->src/main/AndroidManifest.xml:24:22-64
39
40    <!-- Storage -->
41    <uses-permission
41-->src/main/AndroidManifest.xml:27:5-107
42        android:name="android.permission.READ_EXTERNAL_STORAGE"
42-->src/main/AndroidManifest.xml:27:22-77
43        android:maxSdkVersion="32" />
43-->src/main/AndroidManifest.xml:27:78-104
44    <uses-permission
44-->src/main/AndroidManifest.xml:28:5-108
45        android:name="android.permission.WRITE_EXTERNAL_STORAGE"
45-->src/main/AndroidManifest.xml:28:22-78
46        android:maxSdkVersion="28" />
46-->src/main/AndroidManifest.xml:28:79-105
47    <uses-permission android:name="android.permission.MANAGE_EXTERNAL_STORAGE" />
47-->src/main/AndroidManifest.xml:29:5-111
47-->src/main/AndroidManifest.xml:29:22-79
48
49    <!-- Notifications -->
50    <uses-permission android:name="android.permission.POST_NOTIFICATIONS" />
50-->src/main/AndroidManifest.xml:32:5-77
50-->src/main/AndroidManifest.xml:32:22-74
51
52    <!-- Foreground Services -->
53    <uses-permission android:name="android.permission.FOREGROUND_SERVICE" />
53-->src/main/AndroidManifest.xml:35:5-77
53-->src/main/AndroidManifest.xml:35:22-74
54    <uses-permission android:name="android.permission.FOREGROUND_SERVICE_CONNECTED_DEVICE" />
54-->src/main/AndroidManifest.xml:36:5-94
54-->src/main/AndroidManifest.xml:36:22-91
55    <uses-permission android:name="android.permission.FOREGROUND_SERVICE_MEDIA_PLAYBACK" />
55-->src/main/AndroidManifest.xml:37:5-92
55-->src/main/AndroidManifest.xml:37:22-89
56    <uses-permission android:name="android.permission.FOREGROUND_SERVICE_DATA_SYNC" />
56-->src/main/AndroidManifest.xml:38:5-87
56-->src/main/AndroidManifest.xml:38:22-84
57
58    <!-- Wake lock for background processing -->
59    <uses-permission android:name="android.permission.WAKE_LOCK" />
59-->src/main/AndroidManifest.xml:41:5-68
59-->src/main/AndroidManifest.xml:41:22-65
60    <uses-permission android:name="android.permission.RECEIVE_BOOT_COMPLETED" />
60-->src/main/AndroidManifest.xml:42:5-81
60-->src/main/AndroidManifest.xml:42:22-78
61
62    <uses-feature
62-->src/main/AndroidManifest.xml:44:5-90
63        android:name="android.hardware.bluetooth_le"
63-->src/main/AndroidManifest.xml:44:19-63
64        android:required="true" />
64-->src/main/AndroidManifest.xml:44:64-87
65    <uses-feature
65-->src/main/AndroidManifest.xml:45:5-83
66        android:name="android.hardware.wifi"
66-->src/main/AndroidManifest.xml:45:19-55
67        android:required="false" />
67-->src/main/AndroidManifest.xml:45:56-80
68
69    <permission
69-->[androidx.core:core:1.13.1] AndroidManifest.xml:22:5-24:47
70        android:name="com.cyboglabs.diskey.debug.DYNAMIC_RECEIVER_NOT_EXPORTED_PERMISSION"
70-->[androidx.core:core:1.13.1] AndroidManifest.xml:23:9-81
71        android:protectionLevel="signature" />
71-->[androidx.core:core:1.13.1] AndroidManifest.xml:24:9-44
72
73    <uses-permission android:name="com.cyboglabs.diskey.debug.DYNAMIC_RECEIVER_NOT_EXPORTED_PERMISSION" />
73-->[androidx.core:core:1.13.1] AndroidManifest.xml:26:5-97
73-->[androidx.core:core:1.13.1] AndroidManifest.xml:26:22-94
74
75    <application
75-->src/main/AndroidManifest.xml:47:5-126:19
76        android:name="com.cyboglabs.diskey.DisKeyApplication"
76-->src/main/AndroidManifest.xml:48:9-42
77        android:allowBackup="true"
77-->src/main/AndroidManifest.xml:49:9-35
78        android:appComponentFactory="androidx.core.app.CoreComponentFactory"
78-->[androidx.core:core:1.13.1] AndroidManifest.xml:28:18-86
79        android:dataExtractionRules="@xml/data_extraction_rules"
79-->src/main/AndroidManifest.xml:50:9-65
80        android:debuggable="true"
81        android:extractNativeLibs="false"
82        android:fullBackupContent="@xml/backup_rules"
82-->src/main/AndroidManifest.xml:51:9-54
83        android:hardwareAccelerated="true"
83-->src/main/AndroidManifest.xml:57:9-43
84        android:icon="@mipmap/ic_launcher"
84-->src/main/AndroidManifest.xml:52:9-43
85        android:label="@string/app_name"
85-->src/main/AndroidManifest.xml:53:9-41
86        android:roundIcon="@mipmap/ic_launcher_round"
86-->src/main/AndroidManifest.xml:54:9-54
87        android:supportsRtl="true"
87-->src/main/AndroidManifest.xml:55:9-35
88        android:theme="@style/Theme.Diskey" >
88-->src/main/AndroidManifest.xml:56:9-44
89        <activity
89-->src/main/AndroidManifest.xml:60:9-70:20
90            android:name="com.cyboglabs.diskey.presentation.MainActivity"
90-->src/main/AndroidManifest.xml:61:13-54
91            android:exported="true"
91-->src/main/AndroidManifest.xml:62:13-36
92            android:launchMode="singleTop"
92-->src/main/AndroidManifest.xml:63:13-43
93            android:theme="@style/Theme.Diskey.Starting"
93-->src/main/AndroidManifest.xml:65:13-57
94            android:windowSoftInputMode="adjustResize" >
94-->src/main/AndroidManifest.xml:64:13-55
95            <intent-filter>
95-->src/main/AndroidManifest.xml:66:13-69:29
96                <action android:name="android.intent.action.MAIN" />
96-->src/main/AndroidManifest.xml:67:17-69
96-->src/main/AndroidManifest.xml:67:25-66
97
98                <category android:name="android.intent.category.LAUNCHER" />
98-->src/main/AndroidManifest.xml:68:17-77
98-->src/main/AndroidManifest.xml:68:27-74
99            </intent-filter>
100        </activity>
101
102        <!-- BLE Foreground Service -->
103        <service
103-->src/main/AndroidManifest.xml:73:9-77:63
104            android:name="com.cyboglabs.diskey.ble.BleService"
104-->src/main/AndroidManifest.xml:74:13-43
105            android:enabled="true"
105-->src/main/AndroidManifest.xml:75:13-35
106            android:exported="false"
106-->src/main/AndroidManifest.xml:76:13-37
107            android:foregroundServiceType="connectedDevice" />
107-->src/main/AndroidManifest.xml:77:13-60
108
109        <!-- Audio Download Service -->
110        <service
110-->src/main/AndroidManifest.xml:80:9-84:56
111            android:name="com.cyboglabs.diskey.audio.AudioDownloadService"
111-->src/main/AndroidManifest.xml:81:13-55
112            android:enabled="true"
112-->src/main/AndroidManifest.xml:82:13-35
113            android:exported="false"
113-->src/main/AndroidManifest.xml:83:13-37
114            android:foregroundServiceType="dataSync" />
114-->src/main/AndroidManifest.xml:84:13-53
115
116        <!-- Audio Playback Service -->
117        <service
117-->src/main/AndroidManifest.xml:87:9-95:19
118            android:name="com.cyboglabs.diskey.audio.AudioPlaybackService"
118-->src/main/AndroidManifest.xml:88:13-55
119            android:enabled="true"
119-->src/main/AndroidManifest.xml:89:13-35
120            android:exported="true"
120-->src/main/AndroidManifest.xml:90:13-36
121            android:foregroundServiceType="mediaPlayback" >
121-->src/main/AndroidManifest.xml:91:13-58
122            <intent-filter>
122-->src/main/AndroidManifest.xml:92:13-94:29
123                <action android:name="androidx.media3.session.MediaSessionService" />
123-->src/main/AndroidManifest.xml:93:17-86
123-->src/main/AndroidManifest.xml:93:25-83
124            </intent-filter>
125        </service>
126
127        <!-- WiFi Transfer Service -->
128        <service
128-->src/main/AndroidManifest.xml:98:9-102:56
129            android:name="com.cyboglabs.diskey.wifi.WifiService"
129-->src/main/AndroidManifest.xml:99:13-45
130            android:enabled="true"
130-->src/main/AndroidManifest.xml:100:13-35
131            android:exported="false"
131-->src/main/AndroidManifest.xml:101:13-37
132            android:foregroundServiceType="dataSync" />
132-->src/main/AndroidManifest.xml:102:13-53
133
134        <!-- WorkManager provider -->
135        <provider
136            android:name="androidx.startup.InitializationProvider"
136-->src/main/AndroidManifest.xml:106:13-67
137            android:authorities="com.cyboglabs.diskey.debug.androidx-startup"
137-->src/main/AndroidManifest.xml:107:13-68
138            android:exported="false" >
138-->src/main/AndroidManifest.xml:108:13-37
139            <meta-data
139-->src/main/AndroidManifest.xml:110:13-112:52
140                android:name="androidx.work.WorkManagerInitializer"
140-->src/main/AndroidManifest.xml:111:17-68
141                android:value="androidx.startup" />
141-->src/main/AndroidManifest.xml:112:17-49
142            <meta-data
142-->[androidx.emoji2:emoji2:1.3.0] AndroidManifest.xml:29:13-31:52
143                android:name="androidx.emoji2.text.EmojiCompatInitializer"
143-->[androidx.emoji2:emoji2:1.3.0] AndroidManifest.xml:30:17-75
144                android:value="androidx.startup" />
144-->[androidx.emoji2:emoji2:1.3.0] AndroidManifest.xml:31:17-49
145            <meta-data
145-->[androidx.lifecycle:lifecycle-process:2.8.3] AndroidManifest.xml:29:13-31:52
146                android:name="androidx.lifecycle.ProcessLifecycleInitializer"
146-->[androidx.lifecycle:lifecycle-process:2.8.3] AndroidManifest.xml:30:17-78
147                android:value="androidx.startup" />
147-->[androidx.lifecycle:lifecycle-process:2.8.3] AndroidManifest.xml:31:17-49
148            <meta-data
148-->[androidx.profileinstaller:profileinstaller:1.3.1] AndroidManifest.xml:29:13-31:52
149                android:name="androidx.profileinstaller.ProfileInstallerInitializer"
149-->[androidx.profileinstaller:profileinstaller:1.3.1] AndroidManifest.xml:30:17-85
150                android:value="androidx.startup" />
150-->[androidx.profileinstaller:profileinstaller:1.3.1] AndroidManifest.xml:31:17-49
151        </provider>
152
153        <!-- File provider for sharing -->
154        <provider
155            android:name="androidx.core.content.FileProvider"
155-->src/main/AndroidManifest.xml:117:13-62
156            android:authorities="com.cyboglabs.diskey.debug.fileprovider"
156-->src/main/AndroidManifest.xml:118:13-64
157            android:exported="false"
157-->src/main/AndroidManifest.xml:119:13-37
158            android:grantUriPermissions="true" >
158-->src/main/AndroidManifest.xml:120:13-47
159            <meta-data
159-->src/main/AndroidManifest.xml:121:13-123:54
160                android:name="android.support.FILE_PROVIDER_PATHS"
160-->src/main/AndroidManifest.xml:122:17-67
161                android:resource="@xml/file_paths" />
161-->src/main/AndroidManifest.xml:123:17-51
162        </provider>
163
164        <service
164-->[androidx.work:work-runtime:2.9.0] AndroidManifest.xml:39:9-45:35
165            android:name="androidx.work.impl.background.systemalarm.SystemAlarmService"
165-->[androidx.work:work-runtime:2.9.0] AndroidManifest.xml:40:13-88
166            android:directBootAware="false"
166-->[androidx.work:work-runtime:2.9.0] AndroidManifest.xml:41:13-44
167            android:enabled="@bool/enable_system_alarm_service_default"
167-->[androidx.work:work-runtime:2.9.0] AndroidManifest.xml:42:13-72
168            android:exported="false" />
168-->[androidx.work:work-runtime:2.9.0] AndroidManifest.xml:43:13-37
169        <service
169-->[androidx.work:work-runtime:2.9.0] AndroidManifest.xml:46:9-52:35
170            android:name="androidx.work.impl.background.systemjob.SystemJobService"
170-->[androidx.work:work-runtime:2.9.0] AndroidManifest.xml:47:13-84
171            android:directBootAware="false"
171-->[androidx.work:work-runtime:2.9.0] AndroidManifest.xml:48:13-44
172            android:enabled="@bool/enable_system_job_service_default"
172-->[androidx.work:work-runtime:2.9.0] AndroidManifest.xml:49:13-70
173            android:exported="true"
173-->[androidx.work:work-runtime:2.9.0] AndroidManifest.xml:50:13-36
174            android:permission="android.permission.BIND_JOB_SERVICE" />
174-->[androidx.work:work-runtime:2.9.0] AndroidManifest.xml:51:13-69
175        <service
175-->[androidx.work:work-runtime:2.9.0] AndroidManifest.xml:53:9-59:35
176            android:name="androidx.work.impl.foreground.SystemForegroundService"
176-->[androidx.work:work-runtime:2.9.0] AndroidManifest.xml:54:13-81
177            android:directBootAware="false"
177-->[androidx.work:work-runtime:2.9.0] AndroidManifest.xml:55:13-44
178            android:enabled="@bool/enable_system_foreground_service_default"
178-->[androidx.work:work-runtime:2.9.0] AndroidManifest.xml:56:13-77
179            android:exported="false" />
179-->[androidx.work:work-runtime:2.9.0] AndroidManifest.xml:57:13-37
180
181        <receiver
181-->[androidx.work:work-runtime:2.9.0] AndroidManifest.xml:61:9-66:35
182            android:name="androidx.work.impl.utils.ForceStopRunnable$BroadcastReceiver"
182-->[androidx.work:work-runtime:2.9.0] AndroidManifest.xml:62:13-88
183            android:directBootAware="false"
183-->[androidx.work:work-runtime:2.9.0] AndroidManifest.xml:63:13-44
184            android:enabled="true"
184-->[androidx.work:work-runtime:2.9.0] AndroidManifest.xml:64:13-35
185            android:exported="false" />
185-->[androidx.work:work-runtime:2.9.0] AndroidManifest.xml:65:13-37
186        <receiver
186-->[androidx.work:work-runtime:2.9.0] AndroidManifest.xml:67:9-77:20
187            android:name="androidx.work.impl.background.systemalarm.ConstraintProxy$BatteryChargingProxy"
187-->[androidx.work:work-runtime:2.9.0] AndroidManifest.xml:68:13-106
188            android:directBootAware="false"
188-->[androidx.work:work-runtime:2.9.0] AndroidManifest.xml:69:13-44
189            android:enabled="false"
189-->[androidx.work:work-runtime:2.9.0] AndroidManifest.xml:70:13-36
190            android:exported="false" >
190-->[androidx.work:work-runtime:2.9.0] AndroidManifest.xml:71:13-37
191            <intent-filter>
191-->[androidx.work:work-runtime:2.9.0] AndroidManifest.xml:73:13-76:29
192                <action android:name="android.intent.action.ACTION_POWER_CONNECTED" />
192-->[androidx.work:work-runtime:2.9.0] AndroidManifest.xml:74:17-87
192-->[androidx.work:work-runtime:2.9.0] AndroidManifest.xml:74:25-84
193                <action android:name="android.intent.action.ACTION_POWER_DISCONNECTED" />
193-->[androidx.work:work-runtime:2.9.0] AndroidManifest.xml:75:17-90
193-->[androidx.work:work-runtime:2.9.0] AndroidManifest.xml:75:25-87
194            </intent-filter>
195        </receiver>
196        <receiver
196-->[androidx.work:work-runtime:2.9.0] AndroidManifest.xml:78:9-88:20
197            android:name="androidx.work.impl.background.systemalarm.ConstraintProxy$BatteryNotLowProxy"
197-->[androidx.work:work-runtime:2.9.0] AndroidManifest.xml:79:13-104
198            android:directBootAware="false"
198-->[androidx.work:work-runtime:2.9.0] AndroidManifest.xml:80:13-44
199            android:enabled="false"
199-->[androidx.work:work-runtime:2.9.0] AndroidManifest.xml:81:13-36
200            android:exported="false" >
200-->[androidx.work:work-runtime:2.9.0] AndroidManifest.xml:82:13-37
201            <intent-filter>
201-->[androidx.work:work-runtime:2.9.0] AndroidManifest.xml:84:13-87:29
202                <action android:name="android.intent.action.BATTERY_OKAY" />
202-->[androidx.work:work-runtime:2.9.0] AndroidManifest.xml:85:17-77
202-->[androidx.work:work-runtime:2.9.0] AndroidManifest.xml:85:25-74
203                <action android:name="android.intent.action.BATTERY_LOW" />
203-->[androidx.work:work-runtime:2.9.0] AndroidManifest.xml:86:17-76
203-->[androidx.work:work-runtime:2.9.0] AndroidManifest.xml:86:25-73
204            </intent-filter>
205        </receiver>
206        <receiver
206-->[androidx.work:work-runtime:2.9.0] AndroidManifest.xml:89:9-99:20
207            android:name="androidx.work.impl.background.systemalarm.ConstraintProxy$StorageNotLowProxy"
207-->[androidx.work:work-runtime:2.9.0] AndroidManifest.xml:90:13-104
208            android:directBootAware="false"
208-->[androidx.work:work-runtime:2.9.0] AndroidManifest.xml:91:13-44
209            android:enabled="false"
209-->[androidx.work:work-runtime:2.9.0] AndroidManifest.xml:92:13-36
210            android:exported="false" >
210-->[androidx.work:work-runtime:2.9.0] AndroidManifest.xml:93:13-37
211            <intent-filter>
211-->[androidx.work:work-runtime:2.9.0] AndroidManifest.xml:95:13-98:29
212                <action android:name="android.intent.action.DEVICE_STORAGE_LOW" />
212-->[androidx.work:work-runtime:2.9.0] AndroidManifest.xml:96:17-83
212-->[androidx.work:work-runtime:2.9.0] AndroidManifest.xml:96:25-80
213                <action android:name="android.intent.action.DEVICE_STORAGE_OK" />
213-->[androidx.work:work-runtime:2.9.0] AndroidManifest.xml:97:17-82
213-->[androidx.work:work-runtime:2.9.0] AndroidManifest.xml:97:25-79
214            </intent-filter>
215        </receiver>
216        <receiver
216-->[androidx.work:work-runtime:2.9.0] AndroidManifest.xml:100:9-109:20
217            android:name="androidx.work.impl.background.systemalarm.ConstraintProxy$NetworkStateProxy"
217-->[androidx.work:work-runtime:2.9.0] AndroidManifest.xml:101:13-103
218            android:directBootAware="false"
218-->[androidx.work:work-runtime:2.9.0] AndroidManifest.xml:102:13-44
219            android:enabled="false"
219-->[androidx.work:work-runtime:2.9.0] AndroidManifest.xml:103:13-36
220            android:exported="false" >
220-->[androidx.work:work-runtime:2.9.0] AndroidManifest.xml:104:13-37
221            <intent-filter>
221-->[androidx.work:work-runtime:2.9.0] AndroidManifest.xml:106:13-108:29
222                <action android:name="android.net.conn.CONNECTIVITY_CHANGE" />
222-->[androidx.work:work-runtime:2.9.0] AndroidManifest.xml:107:17-79
222-->[androidx.work:work-runtime:2.9.0] AndroidManifest.xml:107:25-76
223            </intent-filter>
224        </receiver>
225        <receiver
225-->[androidx.work:work-runtime:2.9.0] AndroidManifest.xml:110:9-121:20
226            android:name="androidx.work.impl.background.systemalarm.RescheduleReceiver"
226-->[androidx.work:work-runtime:2.9.0] AndroidManifest.xml:111:13-88
227            android:directBootAware="false"
227-->[androidx.work:work-runtime:2.9.0] AndroidManifest.xml:112:13-44
228            android:enabled="false"
228-->[androidx.work:work-runtime:2.9.0] AndroidManifest.xml:113:13-36
229            android:exported="false" >
229-->[androidx.work:work-runtime:2.9.0] AndroidManifest.xml:114:13-37
230            <intent-filter>
230-->[androidx.work:work-runtime:2.9.0] AndroidManifest.xml:116:13-120:29
231                <action android:name="android.intent.action.BOOT_COMPLETED" />
231-->[androidx.work:work-runtime:2.9.0] AndroidManifest.xml:117:17-79
231-->[androidx.work:work-runtime:2.9.0] AndroidManifest.xml:117:25-76
232                <action android:name="android.intent.action.TIME_SET" />
232-->[androidx.work:work-runtime:2.9.0] AndroidManifest.xml:118:17-73
232-->[androidx.work:work-runtime:2.9.0] AndroidManifest.xml:118:25-70
233                <action android:name="android.intent.action.TIMEZONE_CHANGED" />
233-->[androidx.work:work-runtime:2.9.0] AndroidManifest.xml:119:17-81
233-->[androidx.work:work-runtime:2.9.0] AndroidManifest.xml:119:25-78
234            </intent-filter>
235        </receiver>
236        <receiver
236-->[androidx.work:work-runtime:2.9.0] AndroidManifest.xml:122:9-131:20
237            android:name="androidx.work.impl.background.systemalarm.ConstraintProxyUpdateReceiver"
237-->[androidx.work:work-runtime:2.9.0] AndroidManifest.xml:123:13-99
238            android:directBootAware="false"
238-->[androidx.work:work-runtime:2.9.0] AndroidManifest.xml:124:13-44
239            android:enabled="@bool/enable_system_alarm_service_default"
239-->[androidx.work:work-runtime:2.9.0] AndroidManifest.xml:125:13-72
240            android:exported="false" >
240-->[androidx.work:work-runtime:2.9.0] AndroidManifest.xml:126:13-37
241            <intent-filter>
241-->[androidx.work:work-runtime:2.9.0] AndroidManifest.xml:128:13-130:29
242                <action android:name="androidx.work.impl.background.systemalarm.UpdateProxies" />
242-->[androidx.work:work-runtime:2.9.0] AndroidManifest.xml:129:17-98
242-->[androidx.work:work-runtime:2.9.0] AndroidManifest.xml:129:25-95
243            </intent-filter>
244        </receiver>
245        <receiver
245-->[androidx.work:work-runtime:2.9.0] AndroidManifest.xml:132:9-142:20
246            android:name="androidx.work.impl.diagnostics.DiagnosticsReceiver"
246-->[androidx.work:work-runtime:2.9.0] AndroidManifest.xml:133:13-78
247            android:directBootAware="false"
247-->[androidx.work:work-runtime:2.9.0] AndroidManifest.xml:134:13-44
248            android:enabled="true"
248-->[androidx.work:work-runtime:2.9.0] AndroidManifest.xml:135:13-35
249            android:exported="true"
249-->[androidx.work:work-runtime:2.9.0] AndroidManifest.xml:136:13-36
250            android:permission="android.permission.DUMP" >
250-->[androidx.work:work-runtime:2.9.0] AndroidManifest.xml:137:13-57
251            <intent-filter>
251-->[androidx.work:work-runtime:2.9.0] AndroidManifest.xml:139:13-141:29
252                <action android:name="androidx.work.diagnostics.REQUEST_DIAGNOSTICS" />
252-->[androidx.work:work-runtime:2.9.0] AndroidManifest.xml:140:17-88
252-->[androidx.work:work-runtime:2.9.0] AndroidManifest.xml:140:25-85
253            </intent-filter>
254        </receiver>
255
256        <activity
256-->[androidx.compose.ui:ui-test-manifest:1.6.8] AndroidManifest.xml:23:9-25:39
257            android:name="androidx.activity.ComponentActivity"
257-->[androidx.compose.ui:ui-test-manifest:1.6.8] AndroidManifest.xml:24:13-63
258            android:exported="true" />
258-->[androidx.compose.ui:ui-test-manifest:1.6.8] AndroidManifest.xml:25:13-36
259        <activity
259-->[androidx.compose.ui:ui-tooling-android:1.6.8] AndroidManifest.xml:23:9-25:39
260            android:name="androidx.compose.ui.tooling.PreviewActivity"
260-->[androidx.compose.ui:ui-tooling-android:1.6.8] AndroidManifest.xml:24:13-71
261            android:exported="true" />
261-->[androidx.compose.ui:ui-tooling-android:1.6.8] AndroidManifest.xml:25:13-36
262
263        <service
263-->[androidx.room:room-runtime:2.6.1] AndroidManifest.xml:24:9-28:63
264            android:name="androidx.room.MultiInstanceInvalidationService"
264-->[androidx.room:room-runtime:2.6.1] AndroidManifest.xml:25:13-74
265            android:directBootAware="true"
265-->[androidx.room:room-runtime:2.6.1] AndroidManifest.xml:26:13-43
266            android:exported="false" />
266-->[androidx.room:room-runtime:2.6.1] AndroidManifest.xml:27:13-37
267
268        <receiver
268-->[androidx.profileinstaller:profileinstaller:1.3.1] AndroidManifest.xml:34:9-52:20
269            android:name="androidx.profileinstaller.ProfileInstallReceiver"
269-->[androidx.profileinstaller:profileinstaller:1.3.1] AndroidManifest.xml:35:13-76
270            android:directBootAware="false"
270-->[androidx.profileinstaller:profileinstaller:1.3.1] AndroidManifest.xml:36:13-44
271            android:enabled="true"
271-->[androidx.profileinstaller:profileinstaller:1.3.1] AndroidManifest.xml:37:13-35
272            android:exported="true"
272-->[androidx.profileinstaller:profileinstaller:1.3.1] AndroidManifest.xml:38:13-36
273            android:permission="android.permission.DUMP" >
273-->[androidx.profileinstaller:profileinstaller:1.3.1] AndroidManifest.xml:39:13-57
274            <intent-filter>
274-->[androidx.profileinstaller:profileinstaller:1.3.1] AndroidManifest.xml:40:13-42:29
275                <action android:name="androidx.profileinstaller.action.INSTALL_PROFILE" />
275-->[androidx.profileinstaller:profileinstaller:1.3.1] AndroidManifest.xml:41:17-91
275-->[androidx.profileinstaller:profileinstaller:1.3.1] AndroidManifest.xml:41:25-88
276            </intent-filter>
277            <intent-filter>
277-->[androidx.profileinstaller:profileinstaller:1.3.1] AndroidManifest.xml:43:13-45:29
278                <action android:name="androidx.profileinstaller.action.SKIP_FILE" />
278-->[androidx.profileinstaller:profileinstaller:1.3.1] AndroidManifest.xml:44:17-85
278-->[androidx.profileinstaller:profileinstaller:1.3.1] AndroidManifest.xml:44:25-82
279            </intent-filter>
280            <intent-filter>
280-->[androidx.profileinstaller:profileinstaller:1.3.1] AndroidManifest.xml:46:13-48:29
281                <action android:name="androidx.profileinstaller.action.SAVE_PROFILE" />
281-->[androidx.profileinstaller:profileinstaller:1.3.1] AndroidManifest.xml:47:17-88
281-->[androidx.profileinstaller:profileinstaller:1.3.1] AndroidManifest.xml:47:25-85
282            </intent-filter>
283            <intent-filter>
283-->[androidx.profileinstaller:profileinstaller:1.3.1] AndroidManifest.xml:49:13-51:29
284                <action android:name="androidx.profileinstaller.action.BENCHMARK_OPERATION" />
284-->[androidx.profileinstaller:profileinstaller:1.3.1] AndroidManifest.xml:50:17-95
284-->[androidx.profileinstaller:profileinstaller:1.3.1] AndroidManifest.xml:50:25-92
285            </intent-filter>
286        </receiver>
287    </application>
288
289</manifest>